android/app/build/intermediates/manifest_merge_blame_file/debug/manifest-merger-blame-debug-report.txt
1<?xml version="1.0" encoding="utf-8"?>
2<manifest xmlns:android="http://schemas.android.com/apk/res/android"
3    package="com.pelicandiscount"
4    android:versionCode="1"
5    android:versionName="1.0" >
6
7    <uses-sdk
8        android:minSdkVersion="16"
9        android:targetSdkVersion="28" />
10
11    <uses-permission android:name="android.permission.SYSTEM_ALERT_WINDOW" />
11-->src/debug/AndroidManifest.xml:5:5-77
11-->src/debug/AndroidManifest.xml:5:22-75
12    <uses-permission android:name="android.permission.INTERNET" />
12-->src/main/AndroidManifest.xml:4:5-67
12-->src/main/AndroidManifest.xml:4:22-64
13    <uses-permission android:name="android.permission.CAMERA" />
13-->src/main/AndroidManifest.xml:5:5-64
13-->src/main/AndroidManifest.xml:5:22-62
14
15    <uses-feature
15-->src/main/AndroidManifest.xml:6:5-85
16        android:name="android.hardware.camera"
16-->src/main/AndroidManifest.xml:6:19-57
17        android:required="false" />
17-->src/main/AndroidManifest.xml:6:58-82
18    <uses-feature
18-->src/main/AndroidManifest.xml:7:5-91
19        android:name="android.hardware.camera.front"
19-->src/main/AndroidManifest.xml:7:19-63
20        android:required="false" />
20-->src/main/AndroidManifest.xml:7:64-88
21
22    <uses-permission android:name="android.permission.WAKE_LOCK" />
22-->[:react-native-firebase_auth] AndroidManifest.xml:12:5-68
22-->[:react-native-firebase_auth] AndroidManifest.xml:12:22-65
23    <uses-permission android:name="android.permission.ACCESS_NETWORK_STATE" />
23-->[:react-native-firebase_auth] AndroidManifest.xml:13:5-79
23-->[:react-native-firebase_auth] AndroidManifest.xml:13:22-76
24    <uses-permission android:name="android.permission.ACCESS_WIFI_STATE" />
24-->[com.facebook.flipper:flipper:0.33.1] AndroidManifest.xml:16:5-76
24-->[com.facebook.flipper:flipper:0.33.1] AndroidManifest.xml:16:22-73
25    <uses-permission android:name="android.permission.WRITE_EXTERNAL_STORAGE" />
25-->[:react-native-image-crop-picker] AndroidManifest.xml:10:5-81
25-->[:react-native-image-crop-picker] AndroidManifest.xml:10:22-78
26    <uses-permission android:name="android.permission.ACCESS_COARSE_LOCATION" />
26-->[:react-native-maps] AndroidManifest.xml:10:5-81
26-->[:react-native-maps] AndroidManifest.xml:10:22-78
27
28    <uses-feature
28-->[com.google.android.gms:play-services-maps:17.0.0] AndroidManifest.xml:26:5-28:35
29        android:glEsVersion="0x00020000"
29-->[com.google.android.gms:play-services-maps:17.0.0] AndroidManifest.xml:27:9-41
30        android:required="true" />
30-->[com.google.android.gms:play-services-maps:17.0.0] AndroidManifest.xml:28:9-32
31
32    <application
32-->src/main/AndroidManifest.xml:9:5-32:19
33        android:name="com.pelicandiscount.MainApplication"
33-->src/main/AndroidManifest.xml:10:7-38
34        android:allowBackup="false"
34-->src/main/AndroidManifest.xml:14:7-34
35        android:appComponentFactory="androidx.core.app.CoreComponentFactory"
35-->[androidx.core:core:1.1.0] AndroidManifest.xml:24:18-86
36        android:debuggable="true"
37        android:icon="@mipmap/ic_launcher"
37-->src/main/AndroidManifest.xml:12:7-41
38        android:label="@string/app_name"
38-->src/main/AndroidManifest.xml:11:7-39
39        android:roundIcon="@mipmap/ic_launcher_round"
39-->src/main/AndroidManifest.xml:13:7-52
40        android:theme="@style/AppTheme"
40-->src/main/AndroidManifest.xml:15:7-38
41        android:usesCleartextTraffic="true" > <!-- You will only need to add this meta-data tag, but make sure it's a child of application -->
41-->src/debug/AndroidManifest.xml:7:18-53
42        <meta-data
42-->src/main/AndroidManifest.xml:17:5-19:37
43            android:name="com.google.android.geo.API_KEY"
43-->src/main/AndroidManifest.xml:18:7-52
44            android:value="YOUR_API_KEY" />
44-->src/main/AndroidManifest.xml:19:7-35
45
46        <activity
46-->src/main/AndroidManifest.xml:20:7-30:18
47            android:name="com.pelicandiscount.MainActivity"
47-->src/main/AndroidManifest.xml:21:9-37
48            android:configChanges="keyboard|keyboardHidden|orientation|screenSize|uiMode"
48-->src/main/AndroidManifest.xml:23:9-86
49            android:label="@string/app_name"
49-->src/main/AndroidManifest.xml:22:9-41
50            android:launchMode="singleTask"
50-->src/main/AndroidManifest.xml:24:9-40
51            android:windowSoftInputMode="adjustResize" >
51-->src/main/AndroidManifest.xml:25:9-51
52            <intent-filter>
52-->src/main/AndroidManifest.xml:26:9-29:25
53                <action android:name="android.intent.action.MAIN" />
53-->src/main/AndroidManifest.xml:27:13-65
53-->src/main/AndroidManifest.xml:27:21-62
54
55                <category android:name="android.intent.category.LAUNCHER" />
55-->src/main/AndroidManifest.xml:28:13-73
55-->src/main/AndroidManifest.xml:28:23-70
56            </intent-filter>
57        </activity>
58        <activity android:name="com.facebook.react.devsupport.DevSettingsActivity" />
58-->src/main/AndroidManifest.xml:31:7-84
58-->src/main/AndroidManifest.xml:31:17-81
59        <activity
59-->[com.google.firebase:firebase-auth:20.0.1] AndroidManifest.xml:27:9-44:20
60            android:name="com.google.firebase.auth.internal.GenericIdpActivity"
60-->[com.google.firebase:firebase-auth:20.0.1] AndroidManifest.xml:28:13-80
61            android:excludeFromRecents="true"
61-->[com.google.firebase:firebase-auth:20.0.1] AndroidManifest.xml:29:13-46
62            android:exported="true"
62-->[com.google.firebase:firebase-auth:20.0.1] AndroidManifest.xml:30:13-36
63            android:launchMode="singleTask"
63-->[com.google.firebase:firebase-auth:20.0.1] AndroidManifest.xml:31:13-44
64            android:theme="@android:style/Theme.Translucent.NoTitleBar" >
64-->[com.google.firebase:firebase-auth:20.0.1] AndroidManifest.xml:32:13-72
65            <intent-filter>
65-->[com.google.firebase:firebase-auth:20.0.1] AndroidManifest.xml:33:13-43:29
66                <action android:name="android.intent.action.VIEW" />
66-->[com.google.firebase:firebase-auth:20.0.1] AndroidManifest.xml:34:17-69
66-->[com.google.firebase:firebase-auth:20.0.1] AndroidManifest.xml:34:25-66
67
68                <category android:name="android.intent.category.DEFAULT" />
68-->[com.google.firebase:firebase-auth:20.0.1] AndroidManifest.xml:36:17-76
68-->[com.google.firebase:firebase-auth:20.0.1] AndroidManifest.xml:36:27-73
69                <category android:name="android.intent.category.BROWSABLE" />
69-->[com.google.firebase:firebase-auth:20.0.1] AndroidManifest.xml:37:17-78
69-->[com.google.firebase:firebase-auth:20.0.1] AndroidManifest.xml:37:27-75
70
71                <data
71-->[com.google.firebase:firebase-auth:20.0.1] AndroidManifest.xml:39:17-42:51
72                    android:host="firebase.auth"
72-->[com.google.firebase:firebase-auth:20.0.1] AndroidManifest.xml:40:21-49
73                    android:path="/"
73-->[com.google.firebase:firebase-auth:20.0.1] AndroidManifest.xml:41:21-37
74                    android:scheme="genericidp" />
74-->[com.google.firebase:firebase-auth:20.0.1] AndroidManifest.xml:42:21-48
75            </intent-filter>
76        </activity>
77        <activity
77-->[com.google.firebase:firebase-auth:20.0.1] AndroidManifest.xml:45:9-62:20
78            android:name="com.google.firebase.auth.internal.RecaptchaActivity"
78-->[com.google.firebase:firebase-auth:20.0.1] AndroidManifest.xml:46:13-79
79            android:excludeFromRecents="true"
79-->[com.google.firebase:firebase-auth:20.0.1] AndroidManifest.xml:47:13-46
80            android:exported="true"
80-->[com.google.firebase:firebase-auth:20.0.1] AndroidManifest.xml:48:13-36
81            android:launchMode="singleTask"
81-->[com.google.firebase:firebase-auth:20.0.1] AndroidManifest.xml:49:13-44
82            android:theme="@android:style/Theme.Translucent.NoTitleBar" >
82-->[com.google.firebase:firebase-auth:20.0.1] AndroidManifest.xml:50:13-72
83            <intent-filter>
83-->[com.google.firebase:firebase-auth:20.0.1] AndroidManifest.xml:51:13-61:29
84                <action android:name="android.intent.action.VIEW" />
84-->[com.google.firebase:firebase-auth:20.0.1] AndroidManifest.xml:34:17-69
84-->[com.google.firebase:firebase-auth:20.0.1] AndroidManifest.xml:34:25-66
85
86                <category android:name="android.intent.category.DEFAULT" />
86-->[com.google.firebase:firebase-auth:20.0.1] AndroidManifest.xml:36:17-76
86-->[com.google.firebase:firebase-auth:20.0.1] AndroidManifest.xml:36:27-73
87                <category android:name="android.intent.category.BROWSABLE" />
87-->[com.google.firebase:firebase-auth:20.0.1] AndroidManifest.xml:37:17-78
87-->[com.google.firebase:firebase-auth:20.0.1] AndroidManifest.xml:37:27-75
88
89                <data
89-->[com.google.firebase:firebase-auth:20.0.1] AndroidManifest.xml:39:17-42:51
90                    android:host="firebase.auth"
90-->[com.google.firebase:firebase-auth:20.0.1] AndroidManifest.xml:40:21-49
91                    android:path="/"
91-->[com.google.firebase:firebase-auth:20.0.1] AndroidManifest.xml:41:21-37
92                    android:scheme="recaptcha" />
92-->[com.google.firebase:firebase-auth:20.0.1] AndroidManifest.xml:42:21-48
93            </intent-filter>
94        </activity>
95
96        <service
96-->[com.google.firebase:firebase-auth:20.0.1] AndroidManifest.xml:64:9-73:19
97            android:name="com.google.firebase.auth.api.fallback.service.FirebaseAuthFallbackService"
97-->[com.google.firebase:firebase-auth:20.0.1] AndroidManifest.xml:65:13-101
98            android:enabled="true"
98-->[com.google.firebase:firebase-auth:20.0.1] AndroidManifest.xml:66:13-35
99            android:exported="false" >
99-->[com.google.firebase:firebase-auth:20.0.1] AndroidManifest.xml:67:13-37
100            <intent-filter>
100-->[com.google.firebase:firebase-auth:20.0.1] AndroidManifest.xml:68:13-72:29
101                <action android:name="com.google.firebase.auth.api.gms.service.START" />
101-->[com.google.firebase:firebase-auth:20.0.1] AndroidManifest.xml:69:17-89
101-->[com.google.firebase:firebase-auth:20.0.1] AndroidManifest.xml:69:25-86
102
103                <category android:name="android.intent.category.DEFAULT" />
103-->[com.google.firebase:firebase-auth:20.0.1] AndroidManifest.xml:36:17-76
103-->[com.google.firebase:firebase-auth:20.0.1] AndroidManifest.xml:36:27-73
104            </intent-filter>
105        </service>
106        <service
106-->[com.google.firebase:firebase-auth:20.0.1] AndroidManifest.xml:74:9-80:19
107            android:name="com.google.firebase.components.ComponentDiscoveryService"
107-->[com.google.firebase:firebase-auth:20.0.1] AndroidManifest.xml:75:13-84
108            android:directBootAware="true"
108-->[com.google.firebase:firebase-common:19.5.0] AndroidManifest.xml:35:13-43
109            android:exported="false" >
109-->[com.google.firebase:firebase-auth:20.0.1] AndroidManifest.xml:76:13-37
110            <meta-data
110-->[com.google.firebase:firebase-auth:20.0.1] AndroidManifest.xml:77:13-79:85
111                android:name="com.google.firebase.components:com.google.firebase.auth.FirebaseAuthRegistrar"
111-->[com.google.firebase:firebase-auth:20.0.1] AndroidManifest.xml:78:17-109
112                android:value="com.google.firebase.components.ComponentRegistrar" />
112-->[com.google.firebase:firebase-auth:20.0.1] AndroidManifest.xml:79:17-82
113            <!--
114                This registrar is not defined in the dynamic-module-support sdk itself to allow non-firebase
115                clients to use it as well, by defining this registrar in their own core/common library.
116            -->
117            <meta-data
117-->[com.google.firebase:firebase-common:19.5.0] AndroidManifest.xml:43:13-45:85
118                android:name="com.google.firebase.components:com.google.firebase.dynamicloading.DynamicLoadingRegistrar"
118-->[com.google.firebase:firebase-common:19.5.0] AndroidManifest.xml:44:17-121
119                android:value="com.google.firebase.components.ComponentRegistrar" />
119-->[com.google.firebase:firebase-common:19.5.0] AndroidManifest.xml:45:17-82
120        </service>
121
122        <provider
122-->[:react-native-image-crop-picker] AndroidManifest.xml:13:9-21:20
123            android:name="androidx.core.content.FileProvider"
123-->[:react-native-image-crop-picker] AndroidManifest.xml:14:13-62
124            android:authorities="com.pelicandiscount.provider"
124-->[:react-native-image-crop-picker] AndroidManifest.xml:15:13-60
125            android:exported="false"
125-->[:react-native-image-crop-picker] AndroidManifest.xml:16:13-37
126            android:grantUriPermissions="true" >
126-->[:react-native-image-crop-picker] AndroidManifest.xml:17:13-47
127            <meta-data
127-->[:react-native-image-crop-picker] AndroidManifest.xml:18:13-20:58
128                android:name="android.support.FILE_PROVIDER_PATHS"
128-->[:react-native-image-crop-picker] AndroidManifest.xml:19:17-67
129                android:resource="@xml/provider_paths" />
129-->[:react-native-image-crop-picker] AndroidManifest.xml:20:17-55
130        </provider>
131
132        <activity
132-->[:react-native-image-crop-picker] AndroidManifest.xml:23:9-25:72
133            android:name="com.yalantis.ucrop.UCropActivity"
133-->[:react-native-image-crop-picker] AndroidManifest.xml:24:13-60
134            android:theme="@style/Theme.AppCompat.Light.NoActionBar" />
134-->[:react-native-image-crop-picker] AndroidManifest.xml:25:13-69
135
136        <provider
136-->[:react-native-share] AndroidManifest.xml:12:9-20:20
137            android:name="cl.json.RNShareFileProvider"
137-->[:react-native-share] AndroidManifest.xml:13:13-55
138            android:authorities="com.pelicandiscount.rnshare.fileprovider"
138-->[:react-native-share] AndroidManifest.xml:14:13-72
139            android:exported="false"
139-->[:react-native-share] AndroidManifest.xml:15:13-37
140            android:grantUriPermissions="true" >
140-->[:react-native-share] AndroidManifest.xml:16:13-47
141            <meta-data
141-->[:react-native-image-crop-picker] AndroidManifest.xml:18:13-20:58
142                android:name="android.support.FILE_PROVIDER_PATHS"
142-->[:react-native-image-crop-picker] AndroidManifest.xml:19:17-67
143                android:resource="@xml/share_download_paths" />
143-->[:react-native-image-crop-picker] AndroidManifest.xml:20:17-55
144        </provider>
145        <provider
145-->[com.google.firebase:firebase-common:19.5.0] AndroidManifest.xml:26:9-31:39
146            android:name="com.google.firebase.provider.FirebaseInitProvider"
146-->[com.google.firebase:firebase-common:19.5.0] AndroidManifest.xml:27:13-77
147            android:authorities="com.pelicandiscount.firebaseinitprovider"
147-->[com.google.firebase:firebase-common:19.5.0] AndroidManifest.xml:28:13-72
148            android:directBootAware="true"
148-->[com.google.firebase:firebase-common:19.5.0] AndroidManifest.xml:29:13-43
149            android:exported="false"
149-->[com.google.firebase:firebase-common:19.5.0] AndroidManifest.xml:30:13-37
150            android:initOrder="100" />
150-->[com.google.firebase:firebase-common:19.5.0] AndroidManifest.xml:31:13-36
151
152        <activity
152-->[com.google.android.gms:play-services-auth:19.0.0] AndroidManifest.xml:23:9-27:75
153            android:name="com.google.android.gms.auth.api.signin.internal.SignInHubActivity"
153-->[com.google.android.gms:play-services-auth:19.0.0] AndroidManifest.xml:24:13-93
154            android:excludeFromRecents="true"
154-->[com.google.android.gms:play-services-auth:19.0.0] AndroidManifest.xml:25:13-46
155            android:exported="false"
155-->[com.google.android.gms:play-services-auth:19.0.0] AndroidManifest.xml:26:13-37
156            android:theme="@android:style/Theme.Translucent.NoTitleBar" />
156-->[com.google.android.gms:play-services-auth:19.0.0] AndroidManifest.xml:27:13-72
157        <!--
158            Service handling Google Sign-In user revocation. For apps that do not integrate with
159            Google Sign-In, this service will never be started.
160        -->
161        <service
161-->[com.google.android.gms:play-services-auth:19.0.0] AndroidManifest.xml:33:9-37:51
162            android:name="com.google.android.gms.auth.api.signin.RevocationBoundService"
162-->[com.google.android.gms:play-services-auth:19.0.0] AndroidManifest.xml:34:13-89
163            android:exported="true"
163-->[com.google.android.gms:play-services-auth:19.0.0] AndroidManifest.xml:35:13-36
164            android:permission="com.google.android.gms.auth.api.signin.permission.REVOCATION_NOTIFICATION"
164-->[com.google.android.gms:play-services-auth:19.0.0] AndroidManifest.xml:36:13-107
165            android:visibleToInstantApps="true" /> <!-- Needs to be explicitly declared on P+ -->
165-->[com.google.android.gms:play-services-auth:19.0.0] AndroidManifest.xml:37:13-48
166        <uses-library
166-->[com.google.android.gms:play-services-maps:17.0.0] AndroidManifest.xml:33:9-35:40
167            android:name="org.apache.http.legacy"
167-->[com.google.android.gms:play-services-maps:17.0.0] AndroidManifest.xml:34:13-50
168            android:required="false" />
168-->[com.google.android.gms:play-services-maps:17.0.0] AndroidManifest.xml:35:13-37
169
170        <activity
170-->[com.google.android.gms:play-services-base:17.1.0] AndroidManifest.xml:23:9-26:75
171            android:name="com.google.android.gms.common.api.GoogleApiActivity"
171-->[com.google.android.gms:play-services-base:17.1.0] AndroidManifest.xml:24:13-79
172            android:exported="false"
172-->[com.google.android.gms:play-services-base:17.1.0] AndroidManifest.xml:25:13-37
173            android:theme="@android:style/Theme.Translucent.NoTitleBar" />
173-->[com.google.android.gms:play-services-base:17.1.0] AndroidManifest.xml:26:13-72
174
175        <meta-data
175-->[com.google.android.gms:play-services-basement:17.1.1] AndroidManifest.xml:23:9-25:69
176            android:name="com.google.android.gms.version"
176-->[com.google.android.gms:play-services-basement:17.1.1] AndroidManifest.xml:24:13-58
177            android:value="@integer/google_play_services_version" />
177-->[com.google.android.gms:play-services-basement:17.1.1] AndroidManifest.xml:25:13-66
178    </application>
179
180</manifest>